<?xml version="1.0" encoding="UTF-8"?>
<!-- Generated by org.testng.reporters.JUnitXMLReporter -->
<testsuite ignored="0" hostname="DESKTOP-LF1CERB" failures="0" tests="4" name="Default test" time="0.329" errors="0" timestamp="2022-02-07T08:29:13 IST">
  <testcase classname="TestNGpractice.TestNGfirst" name="openApp" time="0.042"/>
  <testcase classname="TestNGpractice.TestNGfirst" name="login" time="0.005"/>
  <testcase classname="TestNGpractice.TestNGfirst" name="logout" time="0.009"/>
  <testcase classname="TestNGpractice.TestNGfirst" name="close" time="0.048"/>
</testsuite> <!-- Default test -->
