<?xml version="1.0" encoding="UTF-8"?>
<!-- Generated by org.testng.reporters.JUnitXMLReporter -->
<testsuite ignored="6" hostname="DESKTOP-LF1CERB" failures="0" tests="3" name="Test" time="0.096" errors="0" timestamp="2021-12-25T11:36:07 IST">
  <testcase classname="day32.Groupingwithxml" name="LoginByFacebook" time="0.015"/>
  <testcase classname="day32.Groupingwithxml" name="LoginBytwitter" time="0.003"/>
  <testcase classname="day32.Groupingwithxml" name="Paymentindollers" time="0.004"/>
  <testcase classname="day32.Groupingwithxml" name="paymentreturntobank" time="0.0">
    <ignored/>
  </testcase> <!-- paymentreturntobank -->
  <testcase classname="day32.Groupingwithxml" name="Signupbyfacebook" time="0.0">
    <ignored/>
  </testcase> <!-- Signupbyfacebook -->
  <testcase classname="day32.Groupingwithxml" name="PaymentinRuppes" time="0.0">
    <ignored/>
  </testcase> <!-- PaymentinRuppes -->
  <testcase classname="day32.Groupingwithxml" name="SignupbyTwitter" time="0.0">
    <ignored/>
  </testcase> <!-- SignupbyTwitter -->
  <testcase classname="day32.Groupingwithxml" name="loginByEmail" time="0.0">
    <ignored/>
  </testcase> <!-- loginByEmail -->
  <testcase classname="day32.Groupingwithxml" name="SignupByEmail" time="0.0">
    <ignored/>
  </testcase> <!-- SignupByEmail -->
</testsuite> <!-- Test -->
