<?xml version="1.0" encoding="UTF-8"?>
<testng-results ignored="0" total="4" passed="4" failed="0" skipped="0">
  <reporter-output>
  </reporter-output>
  <suite started-at="2022-02-07T08:29:12 IST" name="Default suite" finished-at="2022-02-07T08:29:12 IST" duration-ms="329">
    <groups>
    </groups>
    <test started-at="2022-02-07T08:29:12 IST" name="Default test" finished-at="2022-02-07T08:29:12 IST" duration-ms="329">
      <class name="TestNGpractice.TestNGfirst">
        <test-method signature="openApp()[pri:1, instance:TestNGpractice.TestNGfirst@26be6ca7]" started-at="2022-02-07T08:29:12 IST" name="openApp" finished-at="2022-02-07T08:29:12 IST" duration-ms="42" status="PASS">
          <reporter-output>
          </reporter-output>
        </test-method> <!-- openApp -->
        <test-method signature="login()[pri:2, instance:TestNGpractice.TestNGfirst@26be6ca7]" started-at="2022-02-07T08:29:12 IST" name="login" finished-at="2022-02-07T08:29:12 IST" duration-ms="5" status="PASS">
          <reporter-output>
          </reporter-output>
        </test-method> <!-- login -->
        <test-method signature="logout()[pri:3, instance:TestNGpractice.TestNGfirst@26be6ca7]" started-at="2022-02-07T08:29:12 IST" name="logout" finished-at="2022-02-07T08:29:12 IST" duration-ms="9" status="PASS">
          <reporter-output>
          </reporter-output>
        </test-method> <!-- logout -->
        <test-method signature="close()[pri:4, instance:TestNGpractice.TestNGfirst@26be6ca7]" started-at="2022-02-07T08:29:12 IST" name="close" finished-at="2022-02-07T08:29:12 IST" duration-ms="48" status="PASS">
          <reporter-output>
          </reporter-output>
        </test-method> <!-- close -->
      </class> <!-- TestNGpractice.TestNGfirst -->
    </test> <!-- Default test -->
  </suite> <!-- Default suite -->
</testng-results>
